{
  "stats": {
    "suites": 1,
    "tests": 1,
    "passes": 1,
    "pending": 0,
    "failures": 0,
    "start": "2023-07-12T09:57:42.599Z",
    "end": "2023-07-12T09:57:50.972Z",
    "duration": 8373,
    "testsRegistered": 1,
    "passPercent": 100,
    "pendingPercent": 0,
    "other": 0,
    "hasOther": false,
    "skipped": 0,
    "hasSkipped": false
  },
  "results": [
    {
      "uuid": "a93a875f-09a8-442b-b0d4-ef1a2631acdd",
      "title": "",
      "fullFile": "cypress\\integration\\examples\\iframeeg.js",
      "file": "cypress\\integration\\examples\\iframeeg.js",
      "beforeHooks": [],
      "afterHooks": [],
      "tests": [],
      "suites": [
        {
          "uuid": "b8125d09-5cb6-408e-b6c0-c9314542effb",
          "title": "Iframe example)",
          "fullFile": "",
          "file": "",
          "beforeHooks": [],
          "afterHooks": [],
          "tests": [
            {
              "title": "iframe handling on web",
              "fullTitle": "Iframe example) iframe handling on web",
              "timedOut": null,
              "duration": 5476,
              "state": "passed",
              "speed": "medium",
              "pass": true,
              "fail": false,
              "pending": false,
              "context": null,
              "code": "cy.visit(Cypress.env('url') + \"/AutomationPractice/\");\ncy.frameLoaded('#courses-iframe');\ncy.iframe().find('a[href=\"mentorship\"]').eq(0).click();",
              "err": {},
              "uuid": "7afe0d1d-aaeb-4c76-9605-7ddf129669aa",
              "parentUUID": "b8125d09-5cb6-408e-b6c0-c9314542effb",
              "isHook": false,
              "skipped": false
            }
          ],
          "suites": [],
          "passes": [
            "7afe0d1d-aaeb-4c76-9605-7ddf129669aa"
          ],
          "failures": [],
          "pending": [],
          "skipped": [],
          "duration": 5476,
          "root": false,
          "rootEmpty": false,
          "_timeout": 2000
        }
      ],
      "passes": [],
      "failures": [],
      "pending": [],
      "skipped": [],
      "duration": 0,
      "root": true,
      "rootEmpty": true,
      "_timeout": 2000
    }
  ],
  "meta": {
    "mocha": {
      "version": "7.0.1"
    },
    "mochawesome": {
      "options": {
        "quiet": false,
        "reportFilename": "mochawesome",
        "saveHtml": false,
        "saveJson": true,
        "consoleReporter": "spec",
        "useInlineDiffs": false,
        "code": true
      },
      "version": "6.3.1"
    },
    "marge": {
      "options": {
        "reportDir": "cypress/results/json",
        "overwrite": false,
        "html": false,
        "json": true
      },
      "version": "5.2.0"
    }
  }
}