{
  "stats": {
    "suites": 1,
    "tests": 1,
    "passes": 1,
    "pending": 0,
    "failures": 0,
    "start": "2023-07-12T09:58:25.935Z",
    "end": "2023-07-12T09:58:32.967Z",
    "duration": 7032,
    "testsRegistered": 1,
    "passPercent": 100,
    "pendingPercent": 0,
    "other": 0,
    "hasOther": false,
    "skipped": 0,
    "hasSkipped": false
  },
  "results": [
    {
      "uuid": "ce3ed113-df21-44b9-a524-7db61841e5e6",
      "title": "",
      "fullFile": "cypress\\integration\\examples\\Test1.js",
      "file": "cypress\\integration\\examples\\Test1.js",
      "beforeHooks": [],
      "afterHooks": [],
      "tests": [],
      "suites": [
        {
          "uuid": "d93bac62-0547-47c8-aead-746cbf0fe894",
          "title": "My First Test Suite",
          "fullFile": "",
          "file": "",
          "beforeHooks": [],
          "afterHooks": [],
          "tests": [
            {
              "title": "my first test case",
              "fullTitle": "My First Test Suite my first test case",
              "timedOut": null,
              "duration": 4257,
              "state": "passed",
              "speed": "fast",
              "pass": true,
              "fail": false,
              "pending": false,
              "context": null,
              "code": "// first test\ncy.visit(Cypress.env('url') + \"/seleniumPractise/#/\");\ncy.get('.search-keyword').type('ca');\ncy.wait(2000);\n// Parent to child jump\ncy.get('.products').find('.product').should('have.length', 4);\n// Add to cart for 2nd product\ncy.get('.products').find('.product').eq(2).contains('ADD TO CART').click();\n// just to click on a particular product name cashew and add to cart\ncy.get('.products').find('.product').each(($el, index, $list) => {\n  const textveg = $el.find('h4.product-name').text();\n  if (textveg.includes('Cashews')) {\n    cy.wrap($el.find('button')).click();\n  }\n});",
              "err": {},
              "uuid": "f6dd5351-ea9c-4308-821b-53817362a3a1",
              "parentUUID": "d93bac62-0547-47c8-aead-746cbf0fe894",
              "isHook": false,
              "skipped": false
            }
          ],
          "suites": [],
          "passes": [
            "f6dd5351-ea9c-4308-821b-53817362a3a1"
          ],
          "failures": [],
          "pending": [],
          "skipped": [],
          "duration": 4257,
          "root": false,
          "rootEmpty": false,
          "_timeout": 2000
        }
      ],
      "passes": [],
      "failures": [],
      "pending": [],
      "skipped": [],
      "duration": 0,
      "root": true,
      "rootEmpty": true,
      "_timeout": 2000
    }
  ],
  "meta": {
    "mocha": {
      "version": "7.0.1"
    },
    "mochawesome": {
      "options": {
        "quiet": false,
        "reportFilename": "mochawesome",
        "saveHtml": false,
        "saveJson": true,
        "consoleReporter": "spec",
        "useInlineDiffs": false,
        "code": true
      },
      "version": "6.3.1"
    },
    "marge": {
      "options": {
        "reportDir": "cypress/results/json",
        "overwrite": false,
        "html": false,
        "json": true
      },
      "version": "5.2.0"
    }
  }
}